d:\schoolwork\gpu_vulkan_scott\componentframework25.0.0 vulkan\componentframework\debug\vc143.pdb
d:\schoolwork\gpu_vulkan_scott\componentframework25.0.0 vulkan\componentframework\debug\vc143.idb
d:\schoolwork\gpu_vulkan_scott\componentframework25.0.0 vulkan\componentframework\debug\xboxcontroller.obj
d:\schoolwork\gpu_vulkan_scott\componentframework25.0.0 vulkan\componentframework\debug\vulkanuniformbuffer.obj
d:\schoolwork\gpu_vulkan_scott\componentframework25.0.0 vulkan\componentframework\debug\vulkansampler.obj
d:\schoolwork\gpu_vulkan_scott\componentframework25.0.0 vulkan\componentframework\debug\vulkanrenderer.obj
d:\schoolwork\gpu_vulkan_scott\componentframework25.0.0 vulkan\componentframework\debug\vulkanpipeline.obj
d:\schoolwork\gpu_vulkan_scott\componentframework25.0.0 vulkan\componentframework\debug\vulkanmesh.obj
d:\schoolwork\gpu_vulkan_scott\componentframework25.0.0 vulkan\componentframework\debug\timer.obj
d:\schoolwork\gpu_vulkan_scott\componentframework25.0.0 vulkan\componentframework\debug\scene0.obj
d:\schoolwork\gpu_vulkan_scott\componentframework25.0.0 vulkan\componentframework\debug\main.obj
d:\schoolwork\gpu_vulkan_scott\componentframework25.0.0 vulkan\componentframework\debug\scenemanager.obj
d:\schoolwork\gpu_vulkan_scott\componentframework25.0.0 vulkan\componentframework\debug\openglrenderer.obj
d:\schoolwork\gpu_vulkan_scott\componentframework25.0.0 vulkan\componentframework\debug\vulkancommandbuffer.obj
d:\schoolwork\gpu_vulkan_scott\componentframework25.0.0 vulkan\componentframework\debug\camera.obj
d:\schoolwork\gpu_vulkan_scott\componentframework25.0.0 vulkan\componentframework\debug\descriptorsetbuilder.obj
d:\schoolwork\gpu_vulkan_scott\componentframework25.0.0 vulkan\componentframework\debug\debug.obj
d:\schoolwork\gpu_vulkan_scott\componentframework25.0.0 vulkan\componentframework\debug\vulkancolorpicker.obj
d:\schoolwork\gpu_vulkan_scott\componentframework25.0.0 vulkan\componentframework\debug\actor.obj
d:\schoolwork\gpu_vulkan_scott\componentframework25.0.0 vulkan\debug\componentframework.exe
d:\schoolwork\gpu_vulkan_scott\componentframework25.0.0 vulkan\debug\componentframework.pdb
d:\schoolwork\gpu_vulkan_scott\componentframework25.0.0 vulkan\componentframework\debug\componentframework.ilk
d:\schoolwork\gpu_vulkan_scott\componentframework25.0.0 vulkan\componentframework\debug\componen.614c2865.tlog\cl.command.1.tlog
d:\schoolwork\gpu_vulkan_scott\componentframework25.0.0 vulkan\componentframework\debug\componen.614c2865.tlog\cl.items.tlog
d:\schoolwork\gpu_vulkan_scott\componentframework25.0.0 vulkan\componentframework\debug\componen.614c2865.tlog\cl.read.1.tlog
d:\schoolwork\gpu_vulkan_scott\componentframework25.0.0 vulkan\componentframework\debug\componen.614c2865.tlog\cl.write.1.tlog
d:\schoolwork\gpu_vulkan_scott\componentframework25.0.0 vulkan\componentframework\debug\componen.614c2865.tlog\link.command.1.tlog
d:\schoolwork\gpu_vulkan_scott\componentframework25.0.0 vulkan\componentframework\debug\componen.614c2865.tlog\link.read.1.tlog
d:\schoolwork\gpu_vulkan_scott\componentframework25.0.0 vulkan\componentframework\debug\componen.614c2865.tlog\link.secondary.1.tlog
d:\schoolwork\gpu_vulkan_scott\componentframework25.0.0 vulkan\componentframework\debug\componen.614c2865.tlog\link.write.1.tlog
